{"total": {"lines":{"total":1475,"covered":1313,"skipped":0,"pct":89.01},"statements":{"total":1559,"covered":1397,"skipped":0,"pct":89.6},"functions":{"total":144,"covered":136,"skipped":0,"pct":94.44},"branches":{"total":477,"covered":300,"skipped":0,"pct":62.89},"branchesTrue":{"total":0,"covered":0,"skipped":0,"pct":100}}
,"/Volumes/ExMac/traeProject/0609GSB/A-1546/A-1546_spring/backend/src/config/index.ts": {"lines":{"total":2,"covered":2,"skipped":0,"pct":100},"functions":{"total":0,"covered":0,"skipped":0,"pct":100},"statements":{"total":2,"covered":2,"skipped":0,"pct":100},"branches":{"total":19,"covered":18,"skipped":0,"pct":94.73}}
,"/Volumes/ExMac/traeProject/0609GSB/A-1546/A-1546_spring/backend/src/controllers/chatController.ts": {"lines":{"total":58,"covered":58,"skipped":0,"pct":100},"functions":{"total":5,"covered":5,"skipped":0,"pct":100},"statements":{"total":58,"covered":58,"skipped":0,"pct":100},"branches":{"total":23,"covered":23,"skipped":0,"pct":100}}
,"/Volumes/ExMac/traeProject/0609GSB/A-1546/A-1546_spring/backend/src/controllers/itemController.ts": {"lines":{"total":115,"covered":113,"skipped":0,"pct":98.26},"functions":{"total":13,"covered":13,"skipped":0,"pct":100},"statements":{"total":115,"covered":113,"skipped":0,"pct":98.26},"branches":{"total":40,"covered":38,"skipped":0,"pct":95}}
,"/Volumes/ExMac/traeProject/0609GSB/A-1546/A-1546_spring/backend/src/controllers/notificationController.ts": {"lines":{"total":51,"covered":51,"skipped":0,"pct":100},"functions":{"total":7,"covered":7,"skipped":0,"pct":100},"statements":{"total":51,"covered":51,"skipped":0,"pct":100},"branches":{"total":9,"covered":9,"skipped":0,"pct":100}}
,"/Volumes/ExMac/traeProject/0609GSB/A-1546/A-1546_spring/backend/src/controllers/orderController.ts": {"lines":{"total":98,"covered":86,"skipped":0,"pct":87.75},"functions":{"total":10,"covered":10,"skipped":0,"pct":100},"statements":{"total":98,"covered":86,"skipped":0,"pct":87.75},"branches":{"total":23,"covered":17,"skipped":0,"pct":73.91}}
,"/Volumes/ExMac/traeProject/0609GSB/A-1546/A-1546_spring/backend/src/controllers/resourceController.ts": {"lines":{"total":82,"covered":82,"skipped":0,"pct":100},"functions":{"total":10,"covered":10,"skipped":0,"pct":100},"statements":{"total":82,"covered":82,"skipped":0,"pct":100},"branches":{"total":23,"covered":22,"skipped":0,"pct":95.65}}
,"/Volumes/ExMac/traeProject/0609GSB/A-1546/A-1546_spring/backend/src/controllers/userController.ts": {"lines":{"total":73,"covered":71,"skipped":0,"pct":97.26},"functions":{"total":6,"covered":6,"skipped":0,"pct":100},"statements":{"total":73,"covered":71,"skipped":0,"pct":97.26},"branches":{"total":18,"covered":17,"skipped":0,"pct":94.44}}
,"/Volumes/ExMac/traeProject/0609GSB/A-1546/A-1546_spring/backend/src/middleware/asyncHandler.ts": {"lines":{"total":12,"covered":10,"skipped":0,"pct":83.33},"functions":{"total":3,"covered":3,"skipped":0,"pct":100},"statements":{"total":13,"covered":11,"skipped":0,"pct":84.61},"branches":{"total":6,"covered":1,"skipped":0,"pct":16.66}}
,"/Volumes/ExMac/traeProject/0609GSB/A-1546/A-1546_spring/backend/src/middleware/auth.ts": {"lines":{"total":46,"covered":37,"skipped":0,"pct":80.43},"functions":{"total":3,"covered":3,"skipped":0,"pct":100},"statements":{"total":49,"covered":40,"skipped":0,"pct":81.63},"branches":{"total":12,"covered":8,"skipped":0,"pct":66.66}}
,"/Volumes/ExMac/traeProject/0609GSB/A-1546/A-1546_spring/backend/src/routes/chatRoutes.ts": {"lines":{"total":11,"covered":11,"skipped":0,"pct":100},"functions":{"total":0,"covered":0,"skipped":0,"pct":100},"statements":{"total":11,"covered":11,"skipped":0,"pct":100},"branches":{"total":0,"covered":0,"skipped":0,"pct":100}}
,"/Volumes/ExMac/traeProject/0609GSB/A-1546/A-1546_spring/backend/src/routes/index.ts": {"lines":{"total":19,"covered":19,"skipped":0,"pct":100},"functions":{"total":0,"covered":0,"skipped":0,"pct":100},"statements":{"total":19,"covered":19,"skipped":0,"pct":100},"branches":{"total":0,"covered":0,"skipped":0,"pct":100}}
,"/Volumes/ExMac/traeProject/0609GSB/A-1546/A-1546_spring/backend/src/routes/itemRoutes.ts": {"lines":{"total":16,"covered":16,"skipped":0,"pct":100},"functions":{"total":0,"covered":0,"skipped":0,"pct":100},"statements":{"total":16,"covered":16,"skipped":0,"pct":100},"branches":{"total":0,"covered":0,"skipped":0,"pct":100}}
,"/Volumes/ExMac/traeProject/0609GSB/A-1546/A-1546_spring/backend/src/routes/notificationRoutes.ts": {"lines":{"total":11,"covered":11,"skipped":0,"pct":100},"functions":{"total":0,"covered":0,"skipped":0,"pct":100},"statements":{"total":11,"covered":11,"skipped":0,"pct":100},"branches":{"total":0,"covered":0,"skipped":0,"pct":100}}
,"/Volumes/ExMac/traeProject/0609GSB/A-1546/A-1546_spring/backend/src/routes/orderRoutes.ts": {"lines":{"total":15,"covered":15,"skipped":0,"pct":100},"functions":{"total":0,"covered":0,"skipped":0,"pct":100},"statements":{"total":15,"covered":15,"skipped":0,"pct":100},"branches":{"total":0,"covered":0,"skipped":0,"pct":100}}
,"/Volumes/ExMac/traeProject/0609GSB/A-1546/A-1546_spring/backend/src/routes/reportRoutes.ts": {"lines":{"total":8,"covered":8,"skipped":0,"pct":100},"functions":{"total":0,"covered":0,"skipped":0,"pct":100},"statements":{"total":8,"covered":8,"skipped":0,"pct":100},"branches":{"total":0,"covered":0,"skipped":0,"pct":100}}
,"/Volumes/ExMac/traeProject/0609GSB/A-1546/A-1546_spring/backend/src/routes/resourceRoutes.ts": {"lines":{"total":15,"covered":15,"skipped":0,"pct":100},"functions":{"total":0,"covered":0,"skipped":0,"pct":100},"statements":{"total":15,"covered":15,"skipped":0,"pct":100},"branches":{"total":0,"covered":0,"skipped":0,"pct":100}}
,"/Volumes/ExMac/traeProject/0609GSB/A-1546/A-1546_spring/backend/src/routes/userRoutes.ts": {"lines":{"total":13,"covered":13,"skipped":0,"pct":100},"functions":{"total":0,"covered":0,"skipped":0,"pct":100},"statements":{"total":13,"covered":13,"skipped":0,"pct":100},"branches":{"total":0,"covered":0,"skipped":0,"pct":100}}
,"/Volumes/ExMac/traeProject/0609GSB/A-1546/A-1546_spring/backend/src/services/chatService.ts": {"lines":{"total":67,"covered":57,"skipped":0,"pct":85.07},"functions":{"total":7,"covered":7,"skipped":0,"pct":100},"statements":{"total":74,"covered":64,"skipped":0,"pct":86.48},"branches":{"total":24,"covered":9,"skipped":0,"pct":37.5}}
,"/Volumes/ExMac/traeProject/0609GSB/A-1546/A-1546_spring/backend/src/services/itemService.ts": {"lines":{"total":171,"covered":138,"skipped":0,"pct":80.7},"functions":{"total":13,"covered":13,"skipped":0,"pct":100},"statements":{"total":184,"covered":151,"skipped":0,"pct":82.06},"branches":{"total":50,"covered":22,"skipped":0,"pct":44}}
,"/Volumes/ExMac/traeProject/0609GSB/A-1546/A-1546_spring/backend/src/services/notificationService.ts": {"lines":{"total":36,"covered":36,"skipped":0,"pct":100},"functions":{"total":8,"covered":8,"skipped":0,"pct":100},"statements":{"total":44,"covered":44,"skipped":0,"pct":100},"branches":{"total":13,"covered":6,"skipped":0,"pct":46.15}}
,"/Volumes/ExMac/traeProject/0609GSB/A-1546/A-1546_spring/backend/src/services/orderService.ts": {"lines":{"total":205,"covered":175,"skipped":0,"pct":85.36},"functions":{"total":12,"covered":12,"skipped":0,"pct":100},"statements":{"total":216,"covered":186,"skipped":0,"pct":86.11},"branches":{"total":86,"covered":47,"skipped":0,"pct":54.65}}
,"/Volumes/ExMac/traeProject/0609GSB/A-1546/A-1546_spring/backend/src/services/resourceService.ts": {"lines":{"total":150,"covered":117,"skipped":0,"pct":78},"functions":{"total":14,"covered":13,"skipped":0,"pct":92.85},"statements":{"total":164,"covered":131,"skipped":0,"pct":79.87},"branches":{"total":64,"covered":25,"skipped":0,"pct":39.06}}
,"/Volumes/ExMac/traeProject/0609GSB/A-1546/A-1546_spring/backend/src/services/userService.ts": {"lines":{"total":93,"covered":78,"skipped":0,"pct":83.87},"functions":{"total":8,"covered":7,"skipped":0,"pct":87.5},"statements":{"total":101,"covered":86,"skipped":0,"pct":85.14},"branches":{"total":20,"covered":12,"skipped":0,"pct":60}}
,"/Volumes/ExMac/traeProject/0609GSB/A-1546/A-1546_spring/backend/src/utils/errors.ts": {"lines":{"total":43,"covered":41,"skipped":0,"pct":95.34},"functions":{"total":7,"covered":6,"skipped":0,"pct":85.71},"statements":{"total":44,"covered":42,"skipped":0,"pct":95.45},"branches":{"total":15,"covered":6,"skipped":0,"pct":40}}
,"/Volumes/ExMac/traeProject/0609GSB/A-1546/A-1546_spring/backend/src/utils/response.ts": {"lines":{"total":19,"covered":16,"skipped":0,"pct":84.21},"functions":{"total":7,"covered":4,"skipped":0,"pct":57.14},"statements":{"total":26,"covered":23,"skipped":0,"pct":88.46},"branches":{"total":8,"covered":2,"skipped":0,"pct":25}}
,"/Volumes/ExMac/traeProject/0609GSB/A-1546/A-1546_spring/backend/src/utils/validator.ts": {"lines":{"total":46,"covered":37,"skipped":0,"pct":80.43},"functions":{"total":11,"covered":9,"skipped":0,"pct":81.81},"statements":{"total":57,"covered":48,"skipped":0,"pct":84.21},"branches":{"total":24,"covered":18,"skipped":0,"pct":75}}
}
